mode: set
api-alta-dashboard/features/log/service/logic.go:15.61,20.2 1 1
api-alta-dashboard/features/log/service/logic.go:22.66,24.22 2 1
api-alta-dashboard/features/log/service/logic.go:28.2,28.12 1 1
api-alta-dashboard/features/log/service/logic.go:24.22,26.3 1 1
api-alta-dashboard/features/log/service/logic.go:31.81,32.17 1 0
api-alta-dashboard/features/log/service/logic.go:37.2,37.16 1 0
api-alta-dashboard/features/log/service/logic.go:41.2,41.18 1 0
api-alta-dashboard/features/log/service/logic.go:32.17,34.3 1 0
api-alta-dashboard/features/log/service/logic.go:34.8,36.3 1 0
api-alta-dashboard/features/log/service/logic.go:37.16,40.3 2 0
api-alta-dashboard/features/log/service/logic.go:44.68,46.22 2 0
api-alta-dashboard/features/log/service/logic.go:50.2,50.12 1 0
api-alta-dashboard/features/log/service/logic.go:46.22,48.3 1 0
api-alta-dashboard/features/log/service/logic.go:53.52,55.22 2 0
api-alta-dashboard/features/log/service/logic.go:58.2,58.12 1 0
api-alta-dashboard/features/log/service/logic.go:55.22,57.3 1 0
